[2022-08-11 04:52:27,186] {taskinstance.py:1179} INFO - Dependencies all met for <TaskInstance: craw.cr2 manual__2022-08-11T04:52:24.095282+00:00 [queued]>
[2022-08-11 04:52:27,214] {taskinstance.py:1179} INFO - Dependencies all met for <TaskInstance: craw.cr2 manual__2022-08-11T04:52:24.095282+00:00 [queued]>
[2022-08-11 04:52:27,215] {taskinstance.py:1376} INFO - 
--------------------------------------------------------------------------------
[2022-08-11 04:52:27,215] {taskinstance.py:1377} INFO - Starting attempt 1 of 2
[2022-08-11 04:52:27,216] {taskinstance.py:1378} INFO - 
--------------------------------------------------------------------------------
[2022-08-11 04:52:27,260] {taskinstance.py:1397} INFO - Executing <Task(PythonOperator): cr2> on 2022-08-11 04:52:24.095282+00:00
[2022-08-11 04:52:27,273] {standard_task_runner.py:52} INFO - Started process 11335 to run task
[2022-08-11 04:52:27,284] {standard_task_runner.py:79} INFO - Running: ['***', 'tasks', 'run', 'craw', 'cr2', 'manual__2022-08-11T04:52:24.095282+00:00', '--job-id', '73', '--raw', '--subdir', 'DAGS_FOLDER/newtest.py', '--cfg-path', '/tmp/tmp_21afuvg', '--error-file', '/tmp/tmp99i73cb2']
[2022-08-11 04:52:27,288] {standard_task_runner.py:80} INFO - Job 73: Subtask cr2
[2022-08-11 04:52:27,491] {task_command.py:371} INFO - Running <TaskInstance: craw.cr2 manual__2022-08-11T04:52:24.095282+00:00 [running]> on host d59619969b18
[2022-08-11 04:52:27,819] {taskinstance.py:1591} INFO - Exporting the following env vars:
AIRFLOW_CTX_DAG_OWNER=***
AIRFLOW_CTX_DAG_ID=craw
AIRFLOW_CTX_TASK_ID=cr2
AIRFLOW_CTX_EXECUTION_DATE=2022-08-11T04:52:24.095282+00:00
AIRFLOW_CTX_TRY_NUMBER=1
AIRFLOW_CTX_DAG_RUN_ID=manual__2022-08-11T04:52:24.095282+00:00
[2022-08-11 04:52:27,823] {logger.py:11} INFO - ====== WebDriver manager ======
[2022-08-11 04:52:28,367] {logger.py:11} INFO - Get LATEST chromedriver version for google-chrome 104.0.5112
[2022-08-11 04:52:29,730] {logger.py:11} INFO - Driver [/home/***/.wdm/drivers/chromedriver/linux64/104.0.5112/chromedriver] found in cache
[2022-08-11 04:53:59,212] {logging_mixin.py:115} INFO - 1
[2022-08-11 04:55:22,035] {logging_mixin.py:115} INFO - 2
[2022-08-11 05:02:49,304] {base_job.py:229} ERROR - LocalTaskJob heartbeat got an exception
Traceback (most recent call last):
  File "/home/airflow/.local/lib/python3.7/site-packages/sqlalchemy/engine/base.py", line 3243, in _wrap_pool_connect
    return fn()
  File "/home/airflow/.local/lib/python3.7/site-packages/sqlalchemy/pool/base.py", line 310, in connect
    return _ConnectionFairy._checkout(self)
  File "/home/airflow/.local/lib/python3.7/site-packages/sqlalchemy/pool/base.py", line 868, in _checkout
    fairy = _ConnectionRecord.checkout(pool)
  File "/home/airflow/.local/lib/python3.7/site-packages/sqlalchemy/pool/base.py", line 476, in checkout
    rec = pool._do_get()
  File "/home/airflow/.local/lib/python3.7/site-packages/sqlalchemy/pool/impl.py", line 256, in _do_get
    return self._create_connection()
  File "/home/airflow/.local/lib/python3.7/site-packages/sqlalchemy/pool/base.py", line 256, in _create_connection
    return _ConnectionRecord(self)
  File "/home/airflow/.local/lib/python3.7/site-packages/sqlalchemy/pool/base.py", line 371, in __init__
    self.__connect()
  File "/home/airflow/.local/lib/python3.7/site-packages/sqlalchemy/pool/base.py", line 666, in __connect
    pool.logger.debug("Error on connect(): %s", e)
  File "/home/airflow/.local/lib/python3.7/site-packages/sqlalchemy/util/langhelpers.py", line 72, in __exit__
    with_traceback=exc_tb,
  File "/home/airflow/.local/lib/python3.7/site-packages/sqlalchemy/util/compat.py", line 207, in raise_
    raise exception
  File "/home/airflow/.local/lib/python3.7/site-packages/sqlalchemy/pool/base.py", line 661, in __connect
    self.dbapi_connection = connection = pool._invoke_creator(self)
  File "/home/airflow/.local/lib/python3.7/site-packages/sqlalchemy/engine/create.py", line 590, in connect
    return dialect.connect(*cargs, **cparams)
  File "/home/airflow/.local/lib/python3.7/site-packages/sqlalchemy/engine/default.py", line 584, in connect
    return self.dbapi.connect(*cargs, **cparams)
  File "/home/airflow/.local/lib/python3.7/site-packages/psycopg2/__init__.py", line 122, in connect
    conn = _connect(dsn, connection_factory=connection_factory, **kwasync)
psycopg2.OperationalError: could not translate host name "postgres" to address: Temporary failure in name resolution


The above exception was the direct cause of the following exception:

Traceback (most recent call last):
  File "/home/airflow/.local/lib/python3.7/site-packages/airflow/jobs/base_job.py", line 201, in heartbeat
    session.merge(self)
  File "/home/airflow/.local/lib/python3.7/site-packages/sqlalchemy/orm/session.py", line 2961, in merge
    _resolve_conflict_map=_resolve_conflict_map,
  File "/home/airflow/.local/lib/python3.7/site-packages/sqlalchemy/orm/session.py", line 3039, in _merge
    options=options,
  File "/home/airflow/.local/lib/python3.7/site-packages/sqlalchemy/orm/session.py", line 2775, in get
    identity_token=identity_token,
  File "/home/airflow/.local/lib/python3.7/site-packages/sqlalchemy/orm/session.py", line 2878, in _get_impl
    load_options=load_options,
  File "/home/airflow/.local/lib/python3.7/site-packages/sqlalchemy/orm/loading.py", line 534, in load_on_pk_identity
    bind_arguments=bind_arguments,
  File "/home/airflow/.local/lib/python3.7/site-packages/sqlalchemy/orm/session.py", line 1688, in execute
    conn = self._connection_for_bind(bind)
  File "/home/airflow/.local/lib/python3.7/site-packages/sqlalchemy/orm/session.py", line 1530, in _connection_for_bind
    engine, execution_options
  File "/home/airflow/.local/lib/python3.7/site-packages/sqlalchemy/orm/session.py", line 747, in _connection_for_bind
    conn = bind.connect()
  File "/home/airflow/.local/lib/python3.7/site-packages/sqlalchemy/engine/base.py", line 3197, in connect
    return self._connection_cls(self, close_with_result=close_with_result)
  File "/home/airflow/.local/lib/python3.7/site-packages/sqlalchemy/engine/base.py", line 96, in __init__
    else engine.raw_connection()
  File "/home/airflow/.local/lib/python3.7/site-packages/sqlalchemy/engine/base.py", line 3276, in raw_connection
    return self._wrap_pool_connect(self.pool.connect, _connection)
  File "/home/airflow/.local/lib/python3.7/site-packages/sqlalchemy/engine/base.py", line 3247, in _wrap_pool_connect
    e, dialect, self
  File "/home/airflow/.local/lib/python3.7/site-packages/sqlalchemy/engine/base.py", line 2101, in _handle_dbapi_exception_noconnection
    sqlalchemy_exception, with_traceback=exc_info[2], from_=e
  File "/home/airflow/.local/lib/python3.7/site-packages/sqlalchemy/util/compat.py", line 207, in raise_
    raise exception
  File "/home/airflow/.local/lib/python3.7/site-packages/sqlalchemy/engine/base.py", line 3243, in _wrap_pool_connect
    return fn()
  File "/home/airflow/.local/lib/python3.7/site-packages/sqlalchemy/pool/base.py", line 310, in connect
    return _ConnectionFairy._checkout(self)
  File "/home/airflow/.local/lib/python3.7/site-packages/sqlalchemy/pool/base.py", line 868, in _checkout
    fairy = _ConnectionRecord.checkout(pool)
  File "/home/airflow/.local/lib/python3.7/site-packages/sqlalchemy/pool/base.py", line 476, in checkout
    rec = pool._do_get()
  File "/home/airflow/.local/lib/python3.7/site-packages/sqlalchemy/pool/impl.py", line 256, in _do_get
    return self._create_connection()
  File "/home/airflow/.local/lib/python3.7/site-packages/sqlalchemy/pool/base.py", line 256, in _create_connection
    return _ConnectionRecord(self)
  File "/home/airflow/.local/lib/python3.7/site-packages/sqlalchemy/pool/base.py", line 371, in __init__
    self.__connect()
  File "/home/airflow/.local/lib/python3.7/site-packages/sqlalchemy/pool/base.py", line 666, in __connect
    pool.logger.debug("Error on connect(): %s", e)
  File "/home/airflow/.local/lib/python3.7/site-packages/sqlalchemy/util/langhelpers.py", line 72, in __exit__
    with_traceback=exc_tb,
  File "/home/airflow/.local/lib/python3.7/site-packages/sqlalchemy/util/compat.py", line 207, in raise_
    raise exception
  File "/home/airflow/.local/lib/python3.7/site-packages/sqlalchemy/pool/base.py", line 661, in __connect
    self.dbapi_connection = connection = pool._invoke_creator(self)
  File "/home/airflow/.local/lib/python3.7/site-packages/sqlalchemy/engine/create.py", line 590, in connect
    return dialect.connect(*cargs, **cparams)
  File "/home/airflow/.local/lib/python3.7/site-packages/sqlalchemy/engine/default.py", line 584, in connect
    return self.dbapi.connect(*cargs, **cparams)
  File "/home/airflow/.local/lib/python3.7/site-packages/psycopg2/__init__.py", line 122, in connect
    conn = _connect(dsn, connection_factory=connection_factory, **kwasync)
sqlalchemy.exc.OperationalError: (psycopg2.OperationalError) could not translate host name "postgres" to address: Temporary failure in name resolution

(Background on this error at: https://sqlalche.me/e/14/e3q8)
[2022-08-11 05:03:36,139] {logging_mixin.py:115} INFO - 3
[2022-08-11 05:03:36,177] {logging_mixin.py:115} INFO - [('https://shopping-phinf.pstatic.net/main_2674213/26742135522.20210413104258.jpg?type=f140', '브리츠 BA-BK10 Plus', '66,900원', '사용하기 편리합니다 만족합니다~좋아요.배터리도 빨리 안닳고 좋아요만족합니다. 구매합니다.godogooodogod 매웇좋급니다저렴하거 배송빠르고 godogoodogofhof 사용하기 좋네요굿.........'), ('https://shopping-phinf.pstatic.net/main_3143904/31439043618.20220707160107.jpg?type=f140', '키크론 Q1 노브 RGB 알루미늄 커스텀 기계식 키보드', '192,640원', '잘쓰겠습니당 이쁘고 좋아요배송빠르고 좋아요 잘쓸께요문제 없이 잘 쓰고 있습니다.잘쓰고있습니다 무난하네요엄청 무겁지만 이쁘고 잘 됨빠른배송에 완전 이쁘네요노브 버전보다 좋은거같아 노브 방출하고 큐원쓰고 있어요 추천드려요노브버전도 구매하려구용만족하면서 쓰고있습니다빠른 배송 감사드립니다!배송 빠르고 물건 좋아요변함없이 잘 쓰고 있어요키감 좋아요! 잘 쓸게요좋네요. 잘 쓰겠습니다.이벤트때 저렴히 구매했습니다\n기판 뒷편에 문제가 있었습니다만 보이지 않는곳이라 그냥 씁니다\nqc는 제대로 하셔야될거같습니다남친이 맘에 들어해요!\n선이 있는지 모르고 사서 선이 있어서 당황했대요좋나요 잘 쓰고 있어요너무좋아여우렁오옹아빠른배솔 감사합니다!문제없이 잘 사용하고 있어요.\n깔끔하고 예쁘고 키감도 좋고 최고에요!!아주아주 마음에 듭니다!아주아주 마음에 듭니다갈축 사고 싶었지만 적축도 좋네요 ㅎㅎ 귀르가즘 ㄷㄷ 좋아요 아무튼 좋아요크리스마스전 미리보내주려고 노력한 점 아주 굿!!\n가격과 구성등 풀알루 입문급으로 훌륭!\nhttps://m.blog.naver.com/jsongwh/222604275818만족합니다 좋아요 잘작동합니다.아주 좋네요 키크론 배송 빠르네요아주 좋아용 굿굿굿추천합니다 좋아요 좋아요배송 완전 칼 배송으로 도착했습니다.\n감사합니다.돈값 무조건 함 진짜로 진짜로잘 사용하고있읍니다……잘 받았읍니다 ……좋아요좋아요좋아요좋아요좋아요좋아요만 족 합 니 다.'), ('https://searchad-phinf.pstatic.net/MjAyMTA3MDhfMTI5/MDAxNjI1NzAzNzE0MjUw.-Ifz0R9WPPYV60WN93ZMCvsonrDeRIxz2Kbhv8Lqqukg.EXOFH9NT2Vp6FiWJ8QkfCfpPA3gMGyQzsuMwrQhWLEEg.PNG/1871830-ebb23725-6adb-44ea-9ce7-8903a302c74f.png?type=f200', '티앤에스인터내셔널 VALKAN CK', '74,400원', '오 엄청 예뻐요 잘산거 같아요 타격감도 개인적우로 만족합니다!!!키보드 타격감 및 고퀄러티에 아주 만족하며 사용하고 있습니다.소리청량하이 좋습니다 색깔도 흔치않은 이쁜민트라 너무좋아요디자인 가격 타격감 타격음 모두 만족스러운\n키보드입니다.\n아이선물이었는데 너무 좋아하넹르빛 나오는걸 안찍어뒀네요 ㅠㅠ\n키감도 전에 사용하던 싸구려 키보드 보다 훨씬 가볍고 오타도 적게납니다!\n색도 너무 예뻐서 볼때마다 만족스러워요\n사무실에서 사용중(?)인데 소음도 크지않아서 만족스럽습니다!제가 보기엔 너무 이쁘고 타격감 좋은데 딸아이는 별말 없네요ㅠ치는 맛이 찰진 게 타자연습 프로그램켜서 한동안 치고 놀았네요디자인가성비 굿좝입니다 1달동안 아무문제없이 사용하고있네요키보드 너무 예뻐요 💗 키보드 자체가 무겁긴한데 들고다니는 용이 아니니까 만족합니다\n키감도 착착 감겨서 좋아요소리도 적당히고 키감도 좋고 특히 크리스탈 키캡 짱인거같아요누르는 소리랑 무게감도 좋고 입력도 좋아요 생긴거도 이쁩니다디자인도 예쁘고 타격감도 좋구 소리도 크지않고 적당히 좋네요너무너무 예뽀요옹 화이트 왕자님과 민트공주님이 만나서 왕궁에서 폭죽놀이를 하는것같아용아 일단 넘 이쁘구여.. 역시 민트\n다닥다닥 눌리는 소리도 최고에요\n완전 컴퓨터 할맛 나는 즐거운 소리\n밤에 불끄고 컴퓨터하면 밝게 빛나서 더 멋져버림~~진짜 너무이뻐요 장패드랑 깔맞춤해서 썻어요 감사합니댜 ㅎㅎ움직거리지않는 묵직한 무게감이 좋아요 디자인도 이쁘고 만족중간중간 통통 하고 울리는 느낌이 나긴 했는데\n소리도 괜찮고 이쁘고 분리도 가능해서 청소하기도 좋아요. 소리가 작지 않아서 소리 신경쓰시면 비추색상이 너무 이뻐요.\n자판 두드리고 있음 기분까지 좋아지네요배송도 빠르고 확실히 좋네요 높이도 적당하고 아주 좋습니다와이프와 같이 사용할려고 구매했는데\n너무 이쁘다고하네요ㅎ잘 받았어요 깔끔하고 잘 쓰고 있습니다.배송빠르고 키보드도 이쁘고 훌륭합니다타이핑이 부드럽고 반응성이 우수합니다터치감이 너무 좋고 색상도 맘에 들어요.넘 이쁘고 타건감,소리도 만족스러워요~~키보드도 예쁘고 아들이 좋아하네요.^^~여자친구랑 커플로 맞췄습니다 이쁘네용타건도 괜찮고 디자인이 정말 예쁩니다!키보드 정말 최고에요 실물이 더 이뻐요정말좋은 키보드입니다 가격도 이쁘고키감도 좋고 소리도 적어서 너무 좋아요Led하나라서아쉽지만 타감이 너무좋아요무게가 좀 무겁긴 한데 예쁘게 잘씁니다색도 이쁘고 터치감도 괜찮은거 같아요.색상도 이쁘도 키감도 좋습니다\n만족 !!!제품 튼실하니 좋습니다. ㅎㅎ 잘쓸게요넘 이뻐요! 포장도 깔끔해서 기분좋네용역대급으로 마음에 듭니다. 많이 파십쇼색상도 너무 이쁘고 키감도 정말 좋아요아주 훌륭합니다!! 오래 잘 쓸거 같네요!첫 기계식 키보드인데 만족스럽습니다.소리도 그렇게 별로 안크고 괜찮습니다겁나니 조아해요^^소리가 경쾌하다나요누르는 감촉이 너무 좋네요 만족합니다키보드 너무예쁘구요 키감도 좋습니다!아들이 졸라서 사줬는데 좋아라 하네요무선이었으면 더좋았겠지만\n만족합니다상품은 만족합니다 배송이 좀 느리네요아이 선물로 사주었는데 좋아라 합니다디자인 깔끔하고 화사해서 넘 좋습니다좋아요 색감도 괜찮고 사진은 귀찮네요색깔도 예쁘고 눌리는 느낌도 좋아요!!!선물용으로 샀는데 친구가 좋아했어요.예쁘고 아들이 완전만족한다고 하네요선물해줬는데 키감도 좋고 이쁘다네요역시 후기좋은것이 좋네요.\n많이파세요마감이 아쉬워요 다른것들은 평타이상한 달째 잘 쓰고 있어요 예쁘고 좋아요아들이 예쁘다며\n열심히 잘 쓰보있어요전에쓰던건 소음이 심했는데 괜찮네요')]
[2022-08-11 05:03:36,395] {python.py:173} INFO - Done. Returned value was: None
[2022-08-11 05:03:38,380] {taskinstance.py:1420} INFO - Marking task as SUCCESS. dag_id=craw, task_id=cr2, execution_date=20220811T045224, start_date=20220811T045227, end_date=20220811T050338
[2022-08-11 05:03:38,631] {local_task_job.py:156} INFO - Task exited with return code 0
[2022-08-11 05:03:38,803] {local_task_job.py:273} INFO - 0 downstream tasks scheduled from follow-on schedule check
