[2022-08-11 04:52:27,186] {taskinstance.py:1179} INFO - Dependencies all met for <TaskInstance: craw.cr2 manual__2022-08-11T04:52:24.095282+00:00 [queued]>
[2022-08-11 04:52:27,214] {taskinstance.py:1179} INFO - Dependencies all met for <TaskInstance: craw.cr2 manual__2022-08-11T04:52:24.095282+00:00 [queued]>
[2022-08-11 04:52:27,215] {taskinstance.py:1376} INFO - 
--------------------------------------------------------------------------------
[2022-08-11 04:52:27,215] {taskinstance.py:1377} INFO - Starting attempt 1 of 2
[2022-08-11 04:52:27,216] {taskinstance.py:1378} INFO - 
--------------------------------------------------------------------------------
[2022-08-11 04:52:27,260] {taskinstance.py:1397} INFO - Executing <Task(PythonOperator): cr2> on 2022-08-11 04:52:24.095282+00:00
[2022-08-11 04:52:27,273] {standard_task_runner.py:52} INFO - Started process 11335 to run task
[2022-08-11 04:52:27,284] {standard_task_runner.py:79} INFO - Running: ['***', 'tasks', 'run', 'craw', 'cr2', 'manual__2022-08-11T04:52:24.095282+00:00', '--job-id', '73', '--raw', '--subdir', 'DAGS_FOLDER/newtest.py', '--cfg-path', '/tmp/tmp_21afuvg', '--error-file', '/tmp/tmp99i73cb2']
[2022-08-11 04:52:27,288] {standard_task_runner.py:80} INFO - Job 73: Subtask cr2
[2022-08-11 04:52:27,491] {task_command.py:371} INFO - Running <TaskInstance: craw.cr2 manual__2022-08-11T04:52:24.095282+00:00 [running]> on host d59619969b18
[2022-08-11 04:52:27,819] {taskinstance.py:1591} INFO - Exporting the following env vars:
AIRFLOW_CTX_DAG_OWNER=***
AIRFLOW_CTX_DAG_ID=craw
AIRFLOW_CTX_TASK_ID=cr2
AIRFLOW_CTX_EXECUTION_DATE=2022-08-11T04:52:24.095282+00:00
AIRFLOW_CTX_TRY_NUMBER=1
AIRFLOW_CTX_DAG_RUN_ID=manual__2022-08-11T04:52:24.095282+00:00
[2022-08-11 04:52:27,823] {logger.py:11} INFO - ====== WebDriver manager ======
[2022-08-11 04:52:28,367] {logger.py:11} INFO - Get LATEST chromedriver version for google-chrome 104.0.5112
[2022-08-11 04:52:29,730] {logger.py:11} INFO - Driver [/home/***/.wdm/drivers/chromedriver/linux64/104.0.5112/chromedriver] found in cache
[2022-08-11 04:53:59,212] {logging_mixin.py:115} INFO - 1
[2022-08-11 04:55:22,035] {logging_mixin.py:115} INFO - 2
[2022-08-11 05:02:49,304] {base_job.py:229} ERROR - LocalTaskJob heartbeat got an exception
Traceback (most recent call last):
  File "/home/airflow/.local/lib/python3.7/site-packages/sqlalchemy/engine/base.py", line 3243, in _wrap_pool_connect
    return fn()
  File "/home/airflow/.local/lib/python3.7/site-packages/sqlalchemy/pool/base.py", line 310, in connect
    return _ConnectionFairy._checkout(self)
  File "/home/airflow/.local/lib/python3.7/site-packages/sqlalchemy/pool/base.py", line 868, in _checkout
    fairy = _ConnectionRecord.checkout(pool)
  File "/home/airflow/.local/lib/python3.7/site-packages/sqlalchemy/pool/base.py", line 476, in checkout
    rec = pool._do_get()
  File "/home/airflow/.local/lib/python3.7/site-packages/sqlalchemy/pool/impl.py", line 256, in _do_get
    return self._create_connection()
  File "/home/airflow/.local/lib/python3.7/site-packages/sqlalchemy/pool/base.py", line 256, in _create_connection
    return _ConnectionRecord(self)
  File "/home/airflow/.local/lib/python3.7/site-packages/sqlalchemy/pool/base.py", line 371, in __init__
    self.__connect()
  File "/home/airflow/.local/lib/python3.7/site-packages/sqlalchemy/pool/base.py", line 666, in __connect
    pool.logger.debug("Error on connect(): %s", e)
  File "/home/airflow/.local/lib/python3.7/site-packages/sqlalchemy/util/langhelpers.py", line 72, in __exit__
    with_traceback=exc_tb,
  File "/home/airflow/.local/lib/python3.7/site-packages/sqlalchemy/util/compat.py", line 207, in raise_
    raise exception
  File "/home/airflow/.local/lib/python3.7/site-packages/sqlalchemy/pool/base.py", line 661, in __connect
    self.dbapi_connection = connection = pool._invoke_creator(self)
  File "/home/airflow/.local/lib/python3.7/site-packages/sqlalchemy/engine/create.py", line 590, in connect
    return dialect.connect(*cargs, **cparams)
  File "/home/airflow/.local/lib/python3.7/site-packages/sqlalchemy/engine/default.py", line 584, in connect
    return self.dbapi.connect(*cargs, **cparams)
  File "/home/airflow/.local/lib/python3.7/site-packages/psycopg2/__init__.py", line 122, in connect
    conn = _connect(dsn, connection_factory=connection_factory, **kwasync)
psycopg2.OperationalError: could not translate host name "postgres" to address: Temporary failure in name resolution


The above exception was the direct cause of the following exception:

Traceback (most recent call last):
  File "/home/airflow/.local/lib/python3.7/site-packages/airflow/jobs/base_job.py", line 201, in heartbeat
    session.merge(self)
  File "/home/airflow/.local/lib/python3.7/site-packages/sqlalchemy/orm/session.py", line 2961, in merge
    _resolve_conflict_map=_resolve_conflict_map,
  File "/home/airflow/.local/lib/python3.7/site-packages/sqlalchemy/orm/session.py", line 3039, in _merge
    options=options,
  File "/home/airflow/.local/lib/python3.7/site-packages/sqlalchemy/orm/session.py", line 2775, in get
    identity_token=identity_token,
  File "/home/airflow/.local/lib/python3.7/site-packages/sqlalchemy/orm/session.py", line 2878, in _get_impl
    load_options=load_options,
  File "/home/airflow/.local/lib/python3.7/site-packages/sqlalchemy/orm/loading.py", line 534, in load_on_pk_identity
    bind_arguments=bind_arguments,
  File "/home/airflow/.local/lib/python3.7/site-packages/sqlalchemy/orm/session.py", line 1688, in execute
    conn = self._connection_for_bind(bind)
  File "/home/airflow/.local/lib/python3.7/site-packages/sqlalchemy/orm/session.py", line 1530, in _connection_for_bind
    engine, execution_options
  File "/home/airflow/.local/lib/python3.7/site-packages/sqlalchemy/orm/session.py", line 747, in _connection_for_bind
    conn = bind.connect()
  File "/home/airflow/.local/lib/python3.7/site-packages/sqlalchemy/engine/base.py", line 3197, in connect
    return self._connection_cls(self, close_with_result=close_with_result)
  File "/home/airflow/.local/lib/python3.7/site-packages/sqlalchemy/engine/base.py", line 96, in __init__
    else engine.raw_connection()
  File "/home/airflow/.local/lib/python3.7/site-packages/sqlalchemy/engine/base.py", line 3276, in raw_connection
    return self._wrap_pool_connect(self.pool.connect, _connection)
  File "/home/airflow/.local/lib/python3.7/site-packages/sqlalchemy/engine/base.py", line 3247, in _wrap_pool_connect
    e, dialect, self
  File "/home/airflow/.local/lib/python3.7/site-packages/sqlalchemy/engine/base.py", line 2101, in _handle_dbapi_exception_noconnection
    sqlalchemy_exception, with_traceback=exc_info[2], from_=e
  File "/home/airflow/.local/lib/python3.7/site-packages/sqlalchemy/util/compat.py", line 207, in raise_
    raise exception
  File "/home/airflow/.local/lib/python3.7/site-packages/sqlalchemy/engine/base.py", line 3243, in _wrap_pool_connect
    return fn()
  File "/home/airflow/.local/lib/python3.7/site-packages/sqlalchemy/pool/base.py", line 310, in connect
    return _ConnectionFairy._checkout(self)
  File "/home/airflow/.local/lib/python3.7/site-packages/sqlalchemy/pool/base.py", line 868, in _checkout
    fairy = _ConnectionRecord.checkout(pool)
  File "/home/airflow/.local/lib/python3.7/site-packages/sqlalchemy/pool/base.py", line 476, in checkout
    rec = pool._do_get()
  File "/home/airflow/.local/lib/python3.7/site-packages/sqlalchemy/pool/impl.py", line 256, in _do_get
    return self._create_connection()
  File "/home/airflow/.local/lib/python3.7/site-packages/sqlalchemy/pool/base.py", line 256, in _create_connection
    return _ConnectionRecord(self)
  File "/home/airflow/.local/lib/python3.7/site-packages/sqlalchemy/pool/base.py", line 371, in __init__
    self.__connect()
  File "/home/airflow/.local/lib/python3.7/site-packages/sqlalchemy/pool/base.py", line 666, in __connect
    pool.logger.debug("Error on connect(): %s", e)
  File "/home/airflow/.local/lib/python3.7/site-packages/sqlalchemy/util/langhelpers.py", line 72, in __exit__
    with_traceback=exc_tb,
  File "/home/airflow/.local/lib/python3.7/site-packages/sqlalchemy/util/compat.py", line 207, in raise_
    raise exception
  File "/home/airflow/.local/lib/python3.7/site-packages/sqlalchemy/pool/base.py", line 661, in __connect
    self.dbapi_connection = connection = pool._invoke_creator(self)
  File "/home/airflow/.local/lib/python3.7/site-packages/sqlalchemy/engine/create.py", line 590, in connect
    return dialect.connect(*cargs, **cparams)
  File "/home/airflow/.local/lib/python3.7/site-packages/sqlalchemy/engine/default.py", line 584, in connect
    return self.dbapi.connect(*cargs, **cparams)
  File "/home/airflow/.local/lib/python3.7/site-packages/psycopg2/__init__.py", line 122, in connect
    conn = _connect(dsn, connection_factory=connection_factory, **kwasync)
sqlalchemy.exc.OperationalError: (psycopg2.OperationalError) could not translate host name "postgres" to address: Temporary failure in name resolution

(Background on this error at: https://sqlalche.me/e/14/e3q8)
[2022-08-11 05:03:36,139] {logging_mixin.py:115} INFO - 3
[2022-08-11 05:03:36,177] {logging_mixin.py:115} INFO - [('https://shopping-phinf.pstatic.net/main_2674213/26742135522.20210413104258.jpg?type=f140', 'ë¸Œë¦¬ì¸  BA-BK10 Plus', '66,900ì›', 'ì‚¬ìš©í•˜ê¸° í¸ë¦¬í•©ë‹ˆë‹¤ ë§Œì¡±í•©ë‹ˆë‹¤~ì¢‹ì•„ìš”.ë°°í„°ë¦¬ë„ ë¹¨ë¦¬ ì•ˆë‹³ê³  ì¢‹ì•„ìš”ë§Œì¡±í•©ë‹ˆë‹¤. êµ¬ë§¤í•©ë‹ˆë‹¤.godogooodogod ë§¤ì›‡ì¢‹ê¸‰ë‹ˆë‹¤ì €ë ´í•˜ê±° ë°°ì†¡ë¹ ë¥´ê³  godogoodogofhof ì‚¬ìš©í•˜ê¸° ì¢‹ë„¤ìš”êµ¿.........'), ('https://shopping-phinf.pstatic.net/main_3143904/31439043618.20220707160107.jpg?type=f140', 'í‚¤í¬ë¡  Q1 ë…¸ë¸Œ RGB ì•Œë£¨ë¯¸ëŠ„ ì»¤ìŠ¤í…€ ê¸°ê³„ì‹ í‚¤ë³´ë“œ', '192,640ì›', 'ì˜ì“°ê² ìŠµë‹ˆë‹¹ ì´ì˜ê³  ì¢‹ì•„ìš”ë°°ì†¡ë¹ ë¥´ê³  ì¢‹ì•„ìš” ì˜ì“¸ê»˜ìš”ë¬¸ì œ ì—†ì´ ì˜ ì“°ê³  ìˆìŠµë‹ˆë‹¤.ì˜ì“°ê³ ìˆìŠµë‹ˆë‹¤ ë¬´ë‚œí•˜ë„¤ìš”ì—„ì²­ ë¬´ê²ì§€ë§Œ ì´ì˜ê³  ì˜ ë¨ë¹ ë¥¸ë°°ì†¡ì— ì™„ì „ ì´ì˜ë„¤ìš”ë…¸ë¸Œ ë²„ì „ë³´ë‹¤ ì¢‹ì€ê±°ê°™ì•„ ë…¸ë¸Œ ë°©ì¶œí•˜ê³  íì›ì“°ê³  ìˆì–´ìš” ì¶”ì²œë“œë ¤ìš”ë…¸ë¸Œë²„ì „ë„ êµ¬ë§¤í•˜ë ¤êµ¬ìš©ë§Œì¡±í•˜ë©´ì„œ ì“°ê³ ìˆìŠµë‹ˆë‹¤ë¹ ë¥¸ ë°°ì†¡ ê°ì‚¬ë“œë¦½ë‹ˆë‹¤!ë°°ì†¡ ë¹ ë¥´ê³  ë¬¼ê±´ ì¢‹ì•„ìš”ë³€í•¨ì—†ì´ ì˜ ì“°ê³  ìˆì–´ìš”í‚¤ê° ì¢‹ì•„ìš”! ì˜ ì“¸ê²Œìš”ì¢‹ë„¤ìš”. ì˜ ì“°ê² ìŠµë‹ˆë‹¤.ì´ë²¤íŠ¸ë•Œ ì €ë ´íˆ êµ¬ë§¤í–ˆìŠµë‹ˆë‹¤\nê¸°íŒ ë’·í¸ì— ë¬¸ì œê°€ ìˆì—ˆìŠµë‹ˆë‹¤ë§Œ ë³´ì´ì§€ ì•ŠëŠ”ê³³ì´ë¼ ê·¸ëƒ¥ ì”ë‹ˆë‹¤\nqcëŠ” ì œëŒ€ë¡œ í•˜ì…”ì•¼ë ê±°ê°™ìŠµë‹ˆë‹¤ë‚¨ì¹œì´ ë§˜ì— ë“¤ì–´í•´ìš”!\nì„ ì´ ìˆëŠ”ì§€ ëª¨ë¥´ê³  ì‚¬ì„œ ì„ ì´ ìˆì–´ì„œ ë‹¹í™©í–ˆëŒ€ìš”ì¢‹ë‚˜ìš” ì˜ ì“°ê³  ìˆì–´ìš”ë„ˆë¬´ì¢‹ì•„ì—¬ìš°ë ì˜¤ì˜¹ì•„ë¹ ë¥¸ë°°ì†” ê°ì‚¬í•©ë‹ˆë‹¤!ë¬¸ì œì—†ì´ ì˜ ì‚¬ìš©í•˜ê³  ìˆì–´ìš”.\nê¹”ë”í•˜ê³  ì˜ˆì˜ê³  í‚¤ê°ë„ ì¢‹ê³  ìµœê³ ì—ìš”!!ì•„ì£¼ì•„ì£¼ ë§ˆìŒì— ë“­ë‹ˆë‹¤!ì•„ì£¼ì•„ì£¼ ë§ˆìŒì— ë“­ë‹ˆë‹¤ê°ˆì¶• ì‚¬ê³  ì‹¶ì—ˆì§€ë§Œ ì ì¶•ë„ ì¢‹ë„¤ìš” ã…ã… ê·€ë¥´ê°€ì¦˜ ã„·ã„· ì¢‹ì•„ìš” ì•„ë¬´íŠ¼ ì¢‹ì•„ìš”í¬ë¦¬ìŠ¤ë§ˆìŠ¤ì „ ë¯¸ë¦¬ë³´ë‚´ì£¼ë ¤ê³  ë…¸ë ¥í•œ ì  ì•„ì£¼ êµ¿!!\nê°€ê²©ê³¼ êµ¬ì„±ë“± í’€ì•Œë£¨ ì…ë¬¸ê¸‰ìœ¼ë¡œ í›Œë¥­!\nhttps://m.blog.naver.com/jsongwh/222604275818ë§Œì¡±í•©ë‹ˆë‹¤ ì¢‹ì•„ìš” ì˜ì‘ë™í•©ë‹ˆë‹¤.ì•„ì£¼ ì¢‹ë„¤ìš” í‚¤í¬ë¡  ë°°ì†¡ ë¹ ë¥´ë„¤ìš”ì•„ì£¼ ì¢‹ì•„ìš© êµ¿êµ¿êµ¿ì¶”ì²œí•©ë‹ˆë‹¤ ì¢‹ì•„ìš” ì¢‹ì•„ìš”ë°°ì†¡ ì™„ì „ ì¹¼ ë°°ì†¡ìœ¼ë¡œ ë„ì°©í–ˆìŠµë‹ˆë‹¤.\nê°ì‚¬í•©ë‹ˆë‹¤.ëˆê°’ ë¬´ì¡°ê±´ í•¨ ì§„ì§œë¡œ ì§„ì§œë¡œì˜ ì‚¬ìš©í•˜ê³ ìˆìë‹ˆë‹¤â€¦â€¦ì˜ ë°›ì•˜ìë‹ˆë‹¤ â€¦â€¦ì¢‹ì•„ìš”ì¢‹ì•„ìš”ì¢‹ì•„ìš”ì¢‹ì•„ìš”ì¢‹ì•„ìš”ì¢‹ì•„ìš”ë§Œ ì¡± í•© ë‹ˆ ë‹¤.'), ('https://searchad-phinf.pstatic.net/MjAyMTA3MDhfMTI5/MDAxNjI1NzAzNzE0MjUw.-Ifz0R9WPPYV60WN93ZMCvsonrDeRIxz2Kbhv8Lqqukg.EXOFH9NT2Vp6FiWJ8QkfCfpPA3gMGyQzsuMwrQhWLEEg.PNG/1871830-ebb23725-6adb-44ea-9ce7-8903a302c74f.png?type=f200', 'í‹°ì•¤ì—ìŠ¤ì¸í„°ë‚´ì…”ë„ VALKAN CK', '74,400ì›', 'ì˜¤ ì—„ì²­ ì˜ˆë»ìš” ì˜ì‚°ê±° ê°™ì•„ìš” íƒ€ê²©ê°ë„ ê°œì¸ì ìš°ë¡œ ë§Œì¡±í•©ë‹ˆë‹¤!!!í‚¤ë³´ë“œ íƒ€ê²©ê° ë° ê³ í€„ëŸ¬í‹°ì— ì•„ì£¼ ë§Œì¡±í•˜ë©° ì‚¬ìš©í•˜ê³  ìˆìŠµë‹ˆë‹¤.ì†Œë¦¬ì²­ëŸ‰í•˜ì´ ì¢‹ìŠµë‹ˆë‹¤ ìƒ‰ê¹”ë„ í”ì¹˜ì•Šì€ ì´ìœë¯¼íŠ¸ë¼ ë„ˆë¬´ì¢‹ì•„ìš”ë””ìì¸ ê°€ê²© íƒ€ê²©ê° íƒ€ê²©ìŒ ëª¨ë‘ ë§Œì¡±ìŠ¤ëŸ¬ìš´\ní‚¤ë³´ë“œì…ë‹ˆë‹¤.\nì•„ì´ì„ ë¬¼ì´ì—ˆëŠ”ë° ë„ˆë¬´ ì¢‹ì•„í•˜ë„¹ë¥´ë¹› ë‚˜ì˜¤ëŠ”ê±¸ ì•ˆì°ì–´ë’€ë„¤ìš” ã… ã… \ní‚¤ê°ë„ ì „ì— ì‚¬ìš©í•˜ë˜ ì‹¸êµ¬ë ¤ í‚¤ë³´ë“œ ë³´ë‹¤ í›¨ì”¬ ê°€ë³ê³  ì˜¤íƒ€ë„ ì ê²Œë‚©ë‹ˆë‹¤!\nìƒ‰ë„ ë„ˆë¬´ ì˜ˆë»ì„œ ë³¼ë•Œë§ˆë‹¤ ë§Œì¡±ìŠ¤ëŸ¬ì›Œìš”\nì‚¬ë¬´ì‹¤ì—ì„œ ì‚¬ìš©ì¤‘(?)ì¸ë° ì†ŒìŒë„ í¬ì§€ì•Šì•„ì„œ ë§Œì¡±ìŠ¤ëŸ½ìŠµë‹ˆë‹¤!ì œê°€ ë³´ê¸°ì—” ë„ˆë¬´ ì´ì˜ê³  íƒ€ê²©ê° ì¢‹ì€ë° ë”¸ì•„ì´ëŠ” ë³„ë§ ì—†ë„¤ìš”ã… ì¹˜ëŠ” ë§›ì´ ì°°ì§„ ê²Œ íƒ€ìì—°ìŠµ í”„ë¡œê·¸ë¨ì¼œì„œ í•œë™ì•ˆ ì¹˜ê³  ë†€ì•˜ë„¤ìš”ë””ìì¸ê°€ì„±ë¹„ êµ¿ì¢ì…ë‹ˆë‹¤ 1ë‹¬ë™ì•ˆ ì•„ë¬´ë¬¸ì œì—†ì´ ì‚¬ìš©í•˜ê³ ìˆë„¤ìš”í‚¤ë³´ë“œ ë„ˆë¬´ ì˜ˆë»ìš” ğŸ’— í‚¤ë³´ë“œ ìì²´ê°€ ë¬´ê²ê¸´í•œë° ë“¤ê³ ë‹¤ë‹ˆëŠ” ìš©ì´ ì•„ë‹ˆë‹ˆê¹Œ ë§Œì¡±í•©ë‹ˆë‹¤\ní‚¤ê°ë„ ì°©ì°© ê°ê²¨ì„œ ì¢‹ì•„ìš”ì†Œë¦¬ë„ ì ë‹¹íˆê³  í‚¤ê°ë„ ì¢‹ê³  íŠ¹íˆ í¬ë¦¬ìŠ¤íƒˆ í‚¤ìº¡ ì§±ì¸ê±°ê°™ì•„ìš”ëˆ„ë¥´ëŠ” ì†Œë¦¬ë‘ ë¬´ê²Œê°ë„ ì¢‹ê³  ì…ë ¥ë„ ì¢‹ì•„ìš” ìƒê¸´ê±°ë„ ì´ì©ë‹ˆë‹¤ë””ìì¸ë„ ì˜ˆì˜ê³  íƒ€ê²©ê°ë„ ì¢‹êµ¬ ì†Œë¦¬ë„ í¬ì§€ì•Šê³  ì ë‹¹íˆ ì¢‹ë„¤ìš”ë„ˆë¬´ë„ˆë¬´ ì˜ˆë½€ìš”ì˜¹ í™”ì´íŠ¸ ì™•ìë‹˜ê³¼ ë¯¼íŠ¸ê³µì£¼ë‹˜ì´ ë§Œë‚˜ì„œ ì™•ê¶ì—ì„œ í­ì£½ë†€ì´ë¥¼ í•˜ëŠ”ê²ƒê°™ì•„ìš©ì•„ ì¼ë‹¨ ë„˜ ì´ì˜êµ¬ì—¬.. ì—­ì‹œ ë¯¼íŠ¸\në‹¤ë‹¥ë‹¤ë‹¥ ëˆŒë¦¬ëŠ” ì†Œë¦¬ë„ ìµœê³ ì—ìš”\nì™„ì „ ì»´í“¨í„° í• ë§› ë‚˜ëŠ” ì¦ê±°ìš´ ì†Œë¦¬\në°¤ì— ë¶ˆë„ê³  ì»´í“¨í„°í•˜ë©´ ë°ê²Œ ë¹›ë‚˜ì„œ ë” ë©‹ì ¸ë²„ë¦¼~~ì§„ì§œ ë„ˆë¬´ì´ë»ìš” ì¥íŒ¨ë“œë‘ ê¹”ë§ì¶¤í•´ì„œ ì»ì–´ìš” ê°ì‚¬í•©ë‹ˆëŒœ ã…ã…ì›€ì§ê±°ë¦¬ì§€ì•ŠëŠ” ë¬µì§í•œ ë¬´ê²Œê°ì´ ì¢‹ì•„ìš” ë””ìì¸ë„ ì´ì˜ê³  ë§Œì¡±ì¤‘ê°„ì¤‘ê°„ í†µí†µ í•˜ê³  ìš¸ë¦¬ëŠ” ëŠë‚Œì´ ë‚˜ê¸´ í–ˆëŠ”ë°\nì†Œë¦¬ë„ ê´œì°®ê³  ì´ì˜ê³  ë¶„ë¦¬ë„ ê°€ëŠ¥í•´ì„œ ì²­ì†Œí•˜ê¸°ë„ ì¢‹ì•„ìš”. ì†Œë¦¬ê°€ ì‘ì§€ ì•Šì•„ì„œ ì†Œë¦¬ ì‹ ê²½ì“°ì‹œë©´ ë¹„ì¶”ìƒ‰ìƒì´ ë„ˆë¬´ ì´ë»ìš”.\nìíŒ ë‘ë“œë¦¬ê³  ìˆìŒ ê¸°ë¶„ê¹Œì§€ ì¢‹ì•„ì§€ë„¤ìš”ë°°ì†¡ë„ ë¹ ë¥´ê³  í™•ì‹¤íˆ ì¢‹ë„¤ìš” ë†’ì´ë„ ì ë‹¹í•˜ê³  ì•„ì£¼ ì¢‹ìŠµë‹ˆë‹¤ì™€ì´í”„ì™€ ê°™ì´ ì‚¬ìš©í• ë ¤ê³  êµ¬ë§¤í–ˆëŠ”ë°\në„ˆë¬´ ì´ì˜ë‹¤ê³ í•˜ë„¤ìš”ã…ì˜ ë°›ì•˜ì–´ìš” ê¹”ë”í•˜ê³  ì˜ ì“°ê³  ìˆìŠµë‹ˆë‹¤.ë°°ì†¡ë¹ ë¥´ê³  í‚¤ë³´ë“œë„ ì´ì˜ê³  í›Œë¥­í•©ë‹ˆë‹¤íƒ€ì´í•‘ì´ ë¶€ë“œëŸ½ê³  ë°˜ì‘ì„±ì´ ìš°ìˆ˜í•©ë‹ˆë‹¤í„°ì¹˜ê°ì´ ë„ˆë¬´ ì¢‹ê³  ìƒ‰ìƒë„ ë§˜ì— ë“¤ì–´ìš”.ë„˜ ì´ì˜ê³  íƒ€ê±´ê°,ì†Œë¦¬ë„ ë§Œì¡±ìŠ¤ëŸ¬ì›Œìš”~~í‚¤ë³´ë“œë„ ì˜ˆì˜ê³  ì•„ë“¤ì´ ì¢‹ì•„í•˜ë„¤ìš”.^^~ì—¬ìì¹œêµ¬ë‘ ì»¤í”Œë¡œ ë§ì·„ìŠµë‹ˆë‹¤ ì´ì˜ë„¤ìš©íƒ€ê±´ë„ ê´œì°®ê³  ë””ìì¸ì´ ì •ë§ ì˜ˆì©ë‹ˆë‹¤!í‚¤ë³´ë“œ ì •ë§ ìµœê³ ì—ìš” ì‹¤ë¬¼ì´ ë” ì´ë»ìš”ì •ë§ì¢‹ì€ í‚¤ë³´ë“œì…ë‹ˆë‹¤ ê°€ê²©ë„ ì´ì˜ê³ í‚¤ê°ë„ ì¢‹ê³  ì†Œë¦¬ë„ ì ì–´ì„œ ë„ˆë¬´ ì¢‹ì•„ìš”Ledí•˜ë‚˜ë¼ì„œì•„ì‰½ì§€ë§Œ íƒ€ê°ì´ ë„ˆë¬´ì¢‹ì•„ìš”ë¬´ê²Œê°€ ì¢€ ë¬´ê²ê¸´ í•œë° ì˜ˆì˜ê²Œ ì˜ì”ë‹ˆë‹¤ìƒ‰ë„ ì´ì˜ê³  í„°ì¹˜ê°ë„ ê´œì°®ì€ê±° ê°™ì•„ìš”.ìƒ‰ìƒë„ ì´ì˜ë„ í‚¤ê°ë„ ì¢‹ìŠµë‹ˆë‹¤\në§Œì¡± !!!ì œí’ˆ íŠ¼ì‹¤í•˜ë‹ˆ ì¢‹ìŠµë‹ˆë‹¤. ã…ã… ì˜ì“¸ê²Œìš”ë„˜ ì´ë»ìš”! í¬ì¥ë„ ê¹”ë”í•´ì„œ ê¸°ë¶„ì¢‹ë„¤ìš©ì—­ëŒ€ê¸‰ìœ¼ë¡œ ë§ˆìŒì— ë“­ë‹ˆë‹¤. ë§ì´ íŒŒì‹­ì‡¼ìƒ‰ìƒë„ ë„ˆë¬´ ì´ì˜ê³  í‚¤ê°ë„ ì •ë§ ì¢‹ì•„ìš”ì•„ì£¼ í›Œë¥­í•©ë‹ˆë‹¤!! ì˜¤ë˜ ì˜ ì“¸ê±° ê°™ë„¤ìš”!ì²« ê¸°ê³„ì‹ í‚¤ë³´ë“œì¸ë° ë§Œì¡±ìŠ¤ëŸ½ìŠµë‹ˆë‹¤.ì†Œë¦¬ë„ ê·¸ë ‡ê²Œ ë³„ë¡œ ì•ˆí¬ê³  ê´œì°®ìŠµë‹ˆë‹¤ê²ë‚˜ë‹ˆ ì¡°ì•„í•´ìš”^^ì†Œë¦¬ê°€ ê²½ì¾Œí•˜ë‹¤ë‚˜ìš”ëˆ„ë¥´ëŠ” ê°ì´‰ì´ ë„ˆë¬´ ì¢‹ë„¤ìš” ë§Œì¡±í•©ë‹ˆë‹¤í‚¤ë³´ë“œ ë„ˆë¬´ì˜ˆì˜êµ¬ìš” í‚¤ê°ë„ ì¢‹ìŠµë‹ˆë‹¤!ì•„ë“¤ì´ ì¡¸ë¼ì„œ ì‚¬ì¤¬ëŠ”ë° ì¢‹ì•„ë¼ í•˜ë„¤ìš”ë¬´ì„ ì´ì—ˆìœ¼ë©´ ë”ì¢‹ì•˜ê² ì§€ë§Œ\në§Œì¡±í•©ë‹ˆë‹¤ìƒí’ˆì€ ë§Œì¡±í•©ë‹ˆë‹¤ ë°°ì†¡ì´ ì¢€ ëŠë¦¬ë„¤ìš”ì•„ì´ ì„ ë¬¼ë¡œ ì‚¬ì£¼ì—ˆëŠ”ë° ì¢‹ì•„ë¼ í•©ë‹ˆë‹¤ë””ìì¸ ê¹”ë”í•˜ê³  í™”ì‚¬í•´ì„œ ë„˜ ì¢‹ìŠµë‹ˆë‹¤ì¢‹ì•„ìš” ìƒ‰ê°ë„ ê´œì°®ê³  ì‚¬ì§„ì€ ê·€ì°®ë„¤ìš”ìƒ‰ê¹”ë„ ì˜ˆì˜ê³  ëˆŒë¦¬ëŠ” ëŠë‚Œë„ ì¢‹ì•„ìš”!!!ì„ ë¬¼ìš©ìœ¼ë¡œ ìƒ€ëŠ”ë° ì¹œêµ¬ê°€ ì¢‹ì•„í–ˆì–´ìš”.ì˜ˆì˜ê³  ì•„ë“¤ì´ ì™„ì „ë§Œì¡±í•œë‹¤ê³  í•˜ë„¤ìš”ì„ ë¬¼í•´ì¤¬ëŠ”ë° í‚¤ê°ë„ ì¢‹ê³  ì´ì˜ë‹¤ë„¤ìš”ì—­ì‹œ í›„ê¸°ì¢‹ì€ê²ƒì´ ì¢‹ë„¤ìš”.\në§ì´íŒŒì„¸ìš”ë§ˆê°ì´ ì•„ì‰¬ì›Œìš” ë‹¤ë¥¸ê²ƒë“¤ì€ í‰íƒ€ì´ìƒí•œ ë‹¬ì§¸ ì˜ ì“°ê³  ìˆì–´ìš” ì˜ˆì˜ê³  ì¢‹ì•„ìš”ì•„ë“¤ì´ ì˜ˆì˜ë‹¤ë©°\nì—´ì‹¬íˆ ì˜ ì“°ë³´ìˆì–´ìš”ì „ì—ì“°ë˜ê±´ ì†ŒìŒì´ ì‹¬í–ˆëŠ”ë° ê´œì°®ë„¤ìš”')]
[2022-08-11 05:03:36,395] {python.py:173} INFO - Done. Returned value was: None
[2022-08-11 05:03:38,380] {taskinstance.py:1420} INFO - Marking task as SUCCESS. dag_id=craw, task_id=cr2, execution_date=20220811T045224, start_date=20220811T045227, end_date=20220811T050338
[2022-08-11 05:03:38,631] {local_task_job.py:156} INFO - Task exited with return code 0
[2022-08-11 05:03:38,803] {local_task_job.py:273} INFO - 0 downstream tasks scheduled from follow-on schedule check
