[2022-08-18 05:40:25,371] {taskinstance.py:1179} INFO - Dependencies all met for <TaskInstance: craw.db manual__2022-08-18T04:38:28.162136+00:00 [queued]>
[2022-08-18 05:40:25,474] {taskinstance.py:1179} INFO - Dependencies all met for <TaskInstance: craw.db manual__2022-08-18T04:38:28.162136+00:00 [queued]>
[2022-08-18 05:40:25,478] {taskinstance.py:1376} INFO - 
--------------------------------------------------------------------------------
[2022-08-18 05:40:25,479] {taskinstance.py:1377} INFO - Starting attempt 2 of 2
[2022-08-18 05:40:25,484] {taskinstance.py:1378} INFO - 
--------------------------------------------------------------------------------
[2022-08-18 05:40:25,878] {taskinstance.py:1397} INFO - Executing <Task(PythonOperator): db> on 2022-08-18 04:38:28.162136+00:00
[2022-08-18 05:40:25,909] {standard_task_runner.py:52} INFO - Started process 192 to run task
[2022-08-18 05:40:25,963] {standard_task_runner.py:79} INFO - Running: ['***', 'tasks', 'run', 'craw', 'db', 'manual__2022-08-18T04:38:28.162136+00:00', '--job-id', '216', '--raw', '--subdir', 'DAGS_FOLDER/newtest.py', '--cfg-path', '/tmp/tmp3r8qtrx5', '--error-file', '/tmp/tmpb3hwjb_u']
[2022-08-18 05:40:25,972] {standard_task_runner.py:80} INFO - Job 216: Subtask db
[2022-08-18 05:40:27,110] {task_command.py:371} INFO - Running <TaskInstance: craw.db manual__2022-08-18T04:38:28.162136+00:00 [running]> on host 94a850521595
[2022-08-18 05:40:35,352] {taskinstance.py:1591} INFO - Exporting the following env vars:
AIRFLOW_CTX_DAG_OWNER=***
AIRFLOW_CTX_DAG_ID=craw
AIRFLOW_CTX_TASK_ID=db
AIRFLOW_CTX_EXECUTION_DATE=2022-08-18T04:38:28.162136+00:00
AIRFLOW_CTX_TRY_NUMBER=2
AIRFLOW_CTX_DAG_RUN_ID=manual__2022-08-18T04:38:28.162136+00:00
[2022-08-18 05:40:35,484] {base.py:68} INFO - Using connection ID 'mysql' for task execution.
[2022-08-18 05:41:48,087] {logging_mixin.py:115} WARNING - Traceback (most recent call last):
[2022-08-18 05:41:48,122] {logging_mixin.py:115} WARNING -   File "/home/***/.local/lib/python3.7/site-packages/pyspark/serializers.py", line 458, in dumps
    return cloudpickle.dumps(obj, pickle_protocol)
[2022-08-18 05:41:48,123] {logging_mixin.py:115} WARNING -   File "/home/***/.local/lib/python3.7/site-packages/pyspark/cloudpickle/cloudpickle_fast.py", line 102, in dumps
    cp.dump(obj)
[2022-08-18 05:41:48,124] {logging_mixin.py:115} WARNING -   File "/home/***/.local/lib/python3.7/site-packages/pyspark/cloudpickle/cloudpickle_fast.py", line 602, in dump
    return Pickler.dump(self, obj)
[2022-08-18 05:41:48,125] {logging_mixin.py:115} WARNING -   File "/usr/local/lib/python3.7/pickle.py", line 437, in dump
    self.save(obj)
[2022-08-18 05:41:48,126] {logging_mixin.py:115} WARNING -   File "/usr/local/lib/python3.7/pickle.py", line 504, in save
    f(self, obj) # Call unbound method with explicit self
[2022-08-18 05:41:48,127] {logging_mixin.py:115} WARNING -   File "/usr/local/lib/python3.7/pickle.py", line 789, in save_tuple
    save(element)
[2022-08-18 05:41:48,128] {logging_mixin.py:115} WARNING -   File "/usr/local/lib/python3.7/pickle.py", line 504, in save
    f(self, obj) # Call unbound method with explicit self
[2022-08-18 05:41:48,129] {logging_mixin.py:115} WARNING -   File "/home/***/.local/lib/python3.7/site-packages/pyspark/cloudpickle/cloudpickle_fast.py", line 784, in save_function
    *self._dynamic_function_reduce(obj), obj=obj
[2022-08-18 05:41:48,130] {logging_mixin.py:115} WARNING -   File "/home/***/.local/lib/python3.7/site-packages/pyspark/cloudpickle/cloudpickle_fast.py", line 721, in _save_reduce_pickle5
    dictitems=dictitems, obj=obj
[2022-08-18 05:41:48,130] {logging_mixin.py:115} WARNING -   File "/usr/local/lib/python3.7/pickle.py", line 638, in save_reduce
    save(args)
[2022-08-18 05:41:48,131] {logging_mixin.py:115} WARNING -   File "/usr/local/lib/python3.7/pickle.py", line 504, in save
    f(self, obj) # Call unbound method with explicit self
[2022-08-18 05:41:48,136] {logging_mixin.py:115} WARNING -   File "/usr/local/lib/python3.7/pickle.py", line 789, in save_tuple
    save(element)
[2022-08-18 05:41:48,137] {logging_mixin.py:115} WARNING -   File "/usr/local/lib/python3.7/pickle.py", line 504, in save
    f(self, obj) # Call unbound method with explicit self
[2022-08-18 05:41:48,139] {logging_mixin.py:115} WARNING -   File "/usr/local/lib/python3.7/pickle.py", line 774, in save_tuple
    save(element)
[2022-08-18 05:41:48,141] {logging_mixin.py:115} WARNING -   File "/usr/local/lib/python3.7/pickle.py", line 504, in save
    f(self, obj) # Call unbound method with explicit self
[2022-08-18 05:41:48,142] {logging_mixin.py:115} WARNING -   File "/home/***/.local/lib/python3.7/site-packages/dill/_dill.py", line 1146, in save_cell
    f = obj.cell_contents
[2022-08-18 05:41:48,143] {logging_mixin.py:115} WARNING - ValueError: Cell is empty
[2022-08-18 05:41:48,158] {taskinstance.py:1909} ERROR - Task failed with exception
Traceback (most recent call last):
  File "/home/airflow/.local/lib/python3.7/site-packages/pyspark/serializers.py", line 458, in dumps
    return cloudpickle.dumps(obj, pickle_protocol)
  File "/home/airflow/.local/lib/python3.7/site-packages/pyspark/cloudpickle/cloudpickle_fast.py", line 102, in dumps
    cp.dump(obj)
  File "/home/airflow/.local/lib/python3.7/site-packages/pyspark/cloudpickle/cloudpickle_fast.py", line 602, in dump
    return Pickler.dump(self, obj)
  File "/usr/local/lib/python3.7/pickle.py", line 437, in dump
    self.save(obj)
  File "/usr/local/lib/python3.7/pickle.py", line 504, in save
    f(self, obj) # Call unbound method with explicit self
  File "/usr/local/lib/python3.7/pickle.py", line 789, in save_tuple
    save(element)
  File "/usr/local/lib/python3.7/pickle.py", line 504, in save
    f(self, obj) # Call unbound method with explicit self
  File "/home/airflow/.local/lib/python3.7/site-packages/pyspark/cloudpickle/cloudpickle_fast.py", line 784, in save_function
    *self._dynamic_function_reduce(obj), obj=obj
  File "/home/airflow/.local/lib/python3.7/site-packages/pyspark/cloudpickle/cloudpickle_fast.py", line 721, in _save_reduce_pickle5
    dictitems=dictitems, obj=obj
  File "/usr/local/lib/python3.7/pickle.py", line 638, in save_reduce
    save(args)
  File "/usr/local/lib/python3.7/pickle.py", line 504, in save
    f(self, obj) # Call unbound method with explicit self
  File "/usr/local/lib/python3.7/pickle.py", line 789, in save_tuple
    save(element)
  File "/usr/local/lib/python3.7/pickle.py", line 504, in save
    f(self, obj) # Call unbound method with explicit self
  File "/usr/local/lib/python3.7/pickle.py", line 774, in save_tuple
    save(element)
  File "/usr/local/lib/python3.7/pickle.py", line 504, in save
    f(self, obj) # Call unbound method with explicit self
  File "/home/airflow/.local/lib/python3.7/site-packages/dill/_dill.py", line 1146, in save_cell
    f = obj.cell_contents
ValueError: Cell is empty

During handling of the above exception, another exception occurred:

Traceback (most recent call last):
  File "/home/airflow/.local/lib/python3.7/site-packages/airflow/operators/python.py", line 171, in execute
    return_value = self.execute_callable()
  File "/home/airflow/.local/lib/python3.7/site-packages/airflow/operators/python.py", line 189, in execute_callable
    return self.python_callable(*self.op_args, **self.op_kwargs)
  File "/opt/airflow/dags/newtest.py", line 123, in totaldb
    df=spark.createDataFrame(data=data, schema= dataColumns)
  File "/home/airflow/.local/lib/python3.7/site-packages/pyspark/sql/session.py", line 895, in createDataFrame
    data, schema, samplingRatio, verifySchema  # type: ignore[arg-type]
  File "/home/airflow/.local/lib/python3.7/site-packages/pyspark/sql/session.py", line 938, in _create_dataframe
    jrdd = self._jvm.SerDeUtil.toJavaArray(rdd._to_java_object_rdd())
  File "/home/airflow/.local/lib/python3.7/site-packages/pyspark/rdd.py", line 3113, in _to_java_object_rdd
    return self.ctx._jvm.SerDeUtil.pythonToJava(rdd._jrdd, True)
  File "/home/airflow/.local/lib/python3.7/site-packages/pyspark/rdd.py", line 3506, in _jrdd
    self.ctx, self.func, self._prev_jrdd_deserializer, self._jrdd_deserializer, profiler
  File "/home/airflow/.local/lib/python3.7/site-packages/pyspark/rdd.py", line 3362, in _wrap_function
    pickled_command, broadcast_vars, env, includes = _prepare_for_python_RDD(sc, command)
  File "/home/airflow/.local/lib/python3.7/site-packages/pyspark/rdd.py", line 3345, in _prepare_for_python_RDD
    pickled_command = ser.dumps(command)
  File "/home/airflow/.local/lib/python3.7/site-packages/pyspark/serializers.py", line 468, in dumps
    raise pickle.PicklingError(msg)
_pickle.PicklingError: Could not serialize object: ValueError: Cell is empty
[2022-08-18 05:41:48,421] {taskinstance.py:1420} INFO - Marking task as FAILED. dag_id=craw, task_id=db, execution_date=20220818T043828, start_date=20220818T054025, end_date=20220818T054148
[2022-08-18 05:41:48,602] {standard_task_runner.py:97} ERROR - Failed to execute job 216 for task db (Could not serialize object: ValueError: Cell is empty; 192)
[2022-08-18 05:41:48,663] {local_task_job.py:156} INFO - Task exited with return code 1
[2022-08-18 05:41:48,947] {local_task_job.py:273} INFO - 0 downstream tasks scheduled from follow-on schedule check
