[2022-08-12 08:36:13,648] {taskinstance.py:1179} INFO - Dependencies all met for <TaskInstance: craw.con manual__2022-08-12T08:36:03.321567+00:00 [queued]>
[2022-08-12 08:36:14,061] {taskinstance.py:1179} INFO - Dependencies all met for <TaskInstance: craw.con manual__2022-08-12T08:36:03.321567+00:00 [queued]>
[2022-08-12 08:36:14,062] {taskinstance.py:1376} INFO - 
--------------------------------------------------------------------------------
[2022-08-12 08:36:14,063] {taskinstance.py:1377} INFO - Starting attempt 1 of 2
[2022-08-12 08:36:14,065] {taskinstance.py:1378} INFO - 
--------------------------------------------------------------------------------
[2022-08-12 08:36:14,222] {taskinstance.py:1397} INFO - Executing <Task(PythonOperator): con> on 2022-08-12 08:36:03.321567+00:00
[2022-08-12 08:36:14,267] {standard_task_runner.py:52} INFO - Started process 3161 to run task
[2022-08-12 08:36:14,571] {standard_task_runner.py:79} INFO - Running: ['***', 'tasks', 'run', 'craw', 'con', 'manual__2022-08-12T08:36:03.321567+00:00', '--job-id', '131', '--raw', '--subdir', 'DAGS_FOLDER/newtest.py', '--cfg-path', '/tmp/tmpi1ri48t5', '--error-file', '/tmp/tmptxtioqry']
[2022-08-12 08:36:14,649] {standard_task_runner.py:80} INFO - Job 131: Subtask con
[2022-08-12 08:36:20,755] {task_command.py:371} INFO - Running <TaskInstance: craw.con manual__2022-08-12T08:36:03.321567+00:00 [running]> on host d59619969b18
[2022-08-12 08:36:21,846] {taskinstance.py:1591} INFO - Exporting the following env vars:
AIRFLOW_CTX_DAG_OWNER=***
AIRFLOW_CTX_DAG_ID=craw
AIRFLOW_CTX_TASK_ID=con
AIRFLOW_CTX_EXECUTION_DATE=2022-08-12T08:36:03.321567+00:00
AIRFLOW_CTX_TRY_NUMBER=1
AIRFLOW_CTX_DAG_RUN_ID=manual__2022-08-12T08:36:03.321567+00:00
[2022-08-12 08:36:21,871] {taskinstance.py:1909} ERROR - Task failed with exception
Traceback (most recent call last):
  File "/home/airflow/.local/lib/python3.7/site-packages/pymysql/connections.py", line 614, in connect
    (self.host, self.port), self.connect_timeout, **kwargs
  File "/usr/local/lib/python3.7/socket.py", line 728, in create_connection
    raise err
  File "/usr/local/lib/python3.7/socket.py", line 716, in create_connection
    sock.connect(sa)
ConnectionRefusedError: [Errno 111] Connection refused

During handling of the above exception, another exception occurred:

Traceback (most recent call last):
  File "/home/airflow/.local/lib/python3.7/site-packages/airflow/operators/python.py", line 171, in execute
    return_value = self.execute_callable()
  File "/home/airflow/.local/lib/python3.7/site-packages/airflow/operators/python.py", line 189, in execute_callable
    return self.python_callable(*self.op_args, **self.op_kwargs)
  File "/opt/airflow/dags/newtest.py", line 39, in connect
    db = pymysql.connect(host='127.0.0.1', port=3306, user='root', passwd='root', charset='utf8')
  File "/home/airflow/.local/lib/python3.7/site-packages/pymysql/connections.py", line 353, in __init__
    self.connect()
  File "/home/airflow/.local/lib/python3.7/site-packages/pymysql/connections.py", line 664, in connect
    raise exc
pymysql.err.OperationalError: (2003, "Can't connect to MySQL server on '127.0.0.1' ([Errno 111] Connection refused)")
[2022-08-12 08:36:21,964] {taskinstance.py:1420} INFO - Marking task as UP_FOR_RETRY. dag_id=craw, task_id=con, execution_date=20220812T083603, start_date=20220812T083613, end_date=20220812T083621
[2022-08-12 08:36:22,037] {standard_task_runner.py:97} ERROR - Failed to execute job 131 for task con ((2003, "Can't connect to MySQL server on '127.0.0.1' ([Errno 111] Connection refused)"); 3161)
[2022-08-12 08:36:22,106] {local_task_job.py:156} INFO - Task exited with return code 1
[2022-08-12 08:36:22,243] {local_task_job.py:273} INFO - 0 downstream tasks scheduled from follow-on schedule check
