[2022-08-18 15:30:51,560] {taskinstance.py:1179} INFO - Dependencies all met for <TaskInstance: craw.cr2 scheduled__2022-08-17T14:55:00+00:00 [queued]>
[2022-08-18 15:30:51,647] {taskinstance.py:1179} INFO - Dependencies all met for <TaskInstance: craw.cr2 scheduled__2022-08-17T14:55:00+00:00 [queued]>
[2022-08-18 15:30:51,652] {taskinstance.py:1376} INFO - 
--------------------------------------------------------------------------------
[2022-08-18 15:30:51,660] {taskinstance.py:1377} INFO - Starting attempt 2 of 2
[2022-08-18 15:30:51,668] {taskinstance.py:1378} INFO - 
--------------------------------------------------------------------------------
[2022-08-18 15:30:54,448] {taskinstance.py:1397} INFO - Executing <Task(PythonOperator): cr2> on 2022-08-17 14:55:00+00:00
[2022-08-18 15:30:54,471] {standard_task_runner.py:52} INFO - Started process 2011 to run task
[2022-08-18 15:30:54,477] {standard_task_runner.py:79} INFO - Running: ['***', 'tasks', 'run', 'craw', 'cr2', 'scheduled__2022-08-17T14:55:00+00:00', '--job-id', '184', '--raw', '--subdir', 'DAGS_FOLDER/newtest.py', '--cfg-path', '/tmp/tmpatdw32ym', '--error-file', '/tmp/tmp9lm358f6']
[2022-08-18 15:30:54,484] {standard_task_runner.py:80} INFO - Job 184: Subtask cr2
[2022-08-18 15:30:54,621] {task_command.py:371} INFO - Running <TaskInstance: craw.cr2 scheduled__2022-08-17T14:55:00+00:00 [running]> on host a73b00663d46
[2022-08-18 15:30:55,030] {taskinstance.py:1589} INFO - Exporting the following env vars:
AIRFLOW_CTX_DAG_OWNER=***
AIRFLOW_CTX_DAG_ID=craw
AIRFLOW_CTX_TASK_ID=cr2
AIRFLOW_CTX_EXECUTION_DATE=2022-08-17T14:55:00+00:00
AIRFLOW_CTX_TRY_NUMBER=2
AIRFLOW_CTX_DAG_RUN_ID=scheduled__2022-08-17T14:55:00+00:00
[2022-08-18 15:30:55,111] {base.py:68} INFO - Using connection ID 'mysql' for task execution.
[2022-08-18 15:30:55,187] {taskinstance.py:1909} ERROR - Task failed with exception
Traceback (most recent call last):
  File "/home/airflow/.local/lib/python3.8/site-packages/pymysql/connections.py", line 613, in connect
    sock = socket.create_connection(
  File "/usr/local/lib/python3.8/socket.py", line 808, in create_connection
    raise err
  File "/usr/local/lib/python3.8/socket.py", line 796, in create_connection
    sock.connect(sa)
ConnectionRefusedError: [Errno 111] Connection refused

During handling of the above exception, another exception occurred:

Traceback (most recent call last):
  File "/home/airflow/.local/lib/python3.8/site-packages/airflow/operators/python.py", line 171, in execute
    return_value = self.execute_callable()
  File "/home/airflow/.local/lib/python3.8/site-packages/airflow/operators/python.py", line 189, in execute_callable
    return self.python_callable(*self.op_args, **self.op_kwargs)
  File "/opt/airflow/dags/newtest.py", line 39, in crawling
    conn= mysql_hook.get_conn()
  File "/home/airflow/.local/lib/python3.8/site-packages/airflow/providers/mysql/hooks/mysql.py", line 166, in get_conn
    return MySQLdb.connect(**conn_config)
  File "/home/airflow/.local/lib/python3.8/site-packages/pymysql/connections.py", line 353, in __init__
    self.connect()
  File "/home/airflow/.local/lib/python3.8/site-packages/pymysql/connections.py", line 664, in connect
    raise exc
pymysql.err.OperationalError: (2003, "Can't connect to MySQL server on 'mysql' ([Errno 111] Connection refused)")
[2022-08-18 15:30:55,398] {taskinstance.py:1415} INFO - Marking task as FAILED. dag_id=craw, task_id=cr2, execution_date=20220817T145500, start_date=20220818T153051, end_date=20220818T153055
[2022-08-18 15:30:56,506] {standard_task_runner.py:92} ERROR - Failed to execute job 184 for task cr2 ((2003, "Can't connect to MySQL server on 'mysql' ([Errno 111] Connection refused)"); 2011)
[2022-08-18 15:30:56,529] {local_task_job.py:156} INFO - Task exited with return code 1
[2022-08-18 15:30:56,683] {local_task_job.py:273} INFO - 0 downstream tasks scheduled from follow-on schedule check
[2022-08-19 03:27:15,416] {taskinstance.py:1179} INFO - Dependencies all met for <TaskInstance: craw.cr2 scheduled__2022-08-17T14:55:00+00:00 [queued]>
[2022-08-19 03:27:15,435] {taskinstance.py:1179} INFO - Dependencies all met for <TaskInstance: craw.cr2 scheduled__2022-08-17T14:55:00+00:00 [queued]>
[2022-08-19 03:27:15,436] {taskinstance.py:1376} INFO - 
--------------------------------------------------------------------------------
[2022-08-19 03:27:15,436] {taskinstance.py:1377} INFO - Starting attempt 2 of 2
[2022-08-19 03:27:15,437] {taskinstance.py:1378} INFO - 
--------------------------------------------------------------------------------
[2022-08-19 03:27:15,465] {taskinstance.py:1397} INFO - Executing <Task(PythonOperator): cr2> on 2022-08-17 14:55:00+00:00
[2022-08-19 03:27:15,474] {standard_task_runner.py:52} INFO - Started process 496 to run task
[2022-08-19 03:27:15,478] {standard_task_runner.py:79} INFO - Running: ['***', 'tasks', 'run', 'craw', 'cr2', 'scheduled__2022-08-17T14:55:00+00:00', '--job-id', '178', '--raw', '--subdir', 'DAGS_FOLDER/newtest.py', '--cfg-path', '/tmp/tmp5_9agfc5', '--error-file', '/tmp/tmpd8fe408n']
[2022-08-19 03:27:15,479] {standard_task_runner.py:80} INFO - Job 178: Subtask cr2
[2022-08-19 03:27:15,594] {task_command.py:371} INFO - Running <TaskInstance: craw.cr2 scheduled__2022-08-17T14:55:00+00:00 [running]> on host 61280f7b642f
[2022-08-19 03:27:15,730] {taskinstance.py:1591} INFO - Exporting the following env vars:
AIRFLOW_CTX_DAG_OWNER=***
AIRFLOW_CTX_DAG_ID=craw
AIRFLOW_CTX_TASK_ID=cr2
AIRFLOW_CTX_EXECUTION_DATE=2022-08-17T14:55:00+00:00
AIRFLOW_CTX_TRY_NUMBER=2
AIRFLOW_CTX_DAG_RUN_ID=scheduled__2022-08-17T14:55:00+00:00
[2022-08-19 03:27:15,750] {base.py:68} INFO - Using connection ID 'mysql' for task execution.
[2022-08-19 03:27:25,760] {taskinstance.py:1909} ERROR - Task failed with exception
Traceback (most recent call last):
  File "/home/airflow/.local/lib/python3.7/site-packages/pymysql/connections.py", line 614, in connect
    (self.host, self.port), self.connect_timeout, **kwargs
  File "/usr/local/lib/python3.7/socket.py", line 707, in create_connection
    for res in getaddrinfo(host, port, 0, SOCK_STREAM):
  File "/usr/local/lib/python3.7/socket.py", line 752, in getaddrinfo
    for res in _socket.getaddrinfo(host, port, family, type, proto, flags):
socket.gaierror: [Errno -3] Temporary failure in name resolution

During handling of the above exception, another exception occurred:

Traceback (most recent call last):
  File "/home/airflow/.local/lib/python3.7/site-packages/airflow/operators/python.py", line 171, in execute
    return_value = self.execute_callable()
  File "/home/airflow/.local/lib/python3.7/site-packages/airflow/operators/python.py", line 189, in execute_callable
    return self.python_callable(*self.op_args, **self.op_kwargs)
  File "/opt/airflow/dags/newtest.py", line 39, in crawling
    conn= mysql_hook.get_conn()
  File "/home/airflow/.local/lib/python3.7/site-packages/airflow/providers/mysql/hooks/mysql.py", line 166, in get_conn
    return MySQLdb.connect(**conn_config)
  File "/home/airflow/.local/lib/python3.7/site-packages/pymysql/connections.py", line 353, in __init__
    self.connect()
  File "/home/airflow/.local/lib/python3.7/site-packages/pymysql/connections.py", line 664, in connect
    raise exc
pymysql.err.OperationalError: (2003, "Can't connect to MySQL server on 'mysql' ([Errno -3] Temporary failure in name resolution)")
[2022-08-19 03:27:25,780] {taskinstance.py:1420} INFO - Marking task as FAILED. dag_id=craw, task_id=cr2, execution_date=20220817T145500, start_date=20220819T032715, end_date=20220819T032725
[2022-08-19 03:27:26,253] {standard_task_runner.py:97} ERROR - Failed to execute job 178 for task cr2 ((2003, "Can't connect to MySQL server on 'mysql' ([Errno -3] Temporary failure in name resolution)"); 496)
[2022-08-19 03:27:26,303] {local_task_job.py:156} INFO - Task exited with return code 1
[2022-08-19 03:27:26,344] {local_task_job.py:273} INFO - 0 downstream tasks scheduled from follow-on schedule check
